  AI.cpp
  Board.cpp
  Cell.cpp
  Coordinate.cpp
  GameManager.cpp
c:\users\junsu\desktop\src\gameur\GameManager.h(80): warning C4800: 'int': forcing value to bool 'true' or 'false' (performance warning)
GameManager.cpp(18): warning C4244: 'argument': conversion from 'time_t' to 'unsigned int', possible loss of data
GameManager.cpp(304): warning C4267: 'initializing': conversion from 'size_t' to 'int', possible loss of data
GameManager.cpp(319): warning C4267: 'initializing': conversion from 'size_t' to 'int', possible loss of data
GameManager.cpp(354): warning C4800: 'int': forcing value to bool 'true' or 'false' (performance warning)
GameManager.cpp(392): warning C4267: 'initializing': conversion from 'size_t' to 'int', possible loss of data
  GameWindow.cpp
c:\users\junsu\desktop\src\gameur\GameManager.h(80): warning C4800: 'int': forcing value to bool 'true' or 'false' (performance warning)
  MoveCommand.cpp
  Path.cpp
  PathGenerator.cpp
  Piece.cpp
  PieceFactory.cpp
  Player.cpp
Player.cpp(95): warning C4267: 'initializing': conversion from 'size_t' to 'int', possible loss of data
  RollDice.cpp
RollDice.cpp(17): warning C4244: 'argument': conversion from 'time_t' to 'unsigned int', possible loss of data
  State.cpp
  Generating Code...
c:\users\junsu\desktop\src\gameur\gamewindow.h(2177): warning C4715: 'gameUr::GameWindow::getSelectedMode': not all control paths return a value
  .NETFramework,Version=v4.5.2.AssemblyAttributes.cpp
  AI.obj : /DEBUG:FASTLINK is not supported when managed code is present; restarting link with /DEBUG:FULL
  gameUr.vcxproj -> C:\Users\junsu\Desktop\src\gameUr\x64\Debug\gameUr.exe
  gameUr.vcxproj -> C:\Users\junsu\Desktop\src\gameUr\x64\Debug\gameUr.pdb (Partial PDB)
